{"level":"info","message":"[SERVER] Servidor ejecutándose en puerto 3001","timestamp":"2025-12-26 13:27:18"}
{"level":"info","message":"Entorno: development","timestamp":"2025-12-26 13:27:18"}
{"level":"info","message":"Frontend URL: http://localhost:3000","timestamp":"2025-12-26 13:27:18"}
{"level":"info","message":"[DATABASE] MongoDB conectado: localhost","timestamp":"2025-12-26 13:27:18"}
{"level":"info","message":"Servicio de monitoreo iniciado correctamente","timestamp":"2025-12-26 13:27:20"}
{"level":"info","message":"::1 GET /api/personas?limit=500 200 3785 - 272.252 ms","timestamp":"2025-12-26 13:27:23"}
{"level":"info","message":"::1 GET /api/pagos?includeDeleted=true&limit=200 200 3767 - 261.830 ms","timestamp":"2025-12-26 13:27:23"}
{"level":"info","message":"::1 GET /api/personas?limit=500 200 3785 - 5.009 ms","timestamp":"2025-12-26 13:27:23"}
{"level":"info","message":"::1 GET /api/pagos?includeDeleted=true&limit=200 200 3767 - 7.164 ms","timestamp":"2025-12-26 13:27:23"}
{"level":"info","message":"::1 GET /api/personas?limit=500 200 3785 - 4.380 ms","timestamp":"2025-12-26 13:27:23"}
{"level":"info","message":"::1 GET /api/pagos?includeDeleted=true&limit=200 200 3767 - 5.177 ms","timestamp":"2025-12-26 13:27:23"}
{"level":"info","message":"::1 GET /api/personas?limit=500 200 3785 - 6.115 ms","timestamp":"2025-12-26 13:27:23"}
{"level":"info","message":"::1 GET /api/pagos?includeDeleted=true&limit=200 200 3767 - 6.061 ms","timestamp":"2025-12-26 13:27:23"}
{"level":"info","message":"::1 GET /api/pagos?includeDeleted=true&limit=200 200 3767 - 4.435 ms","timestamp":"2025-12-26 13:27:23"}
{"level":"info","message":"::1 GET /api/pagos?includeDeleted=true&limit=200 200 3767 - 5.570 ms","timestamp":"2025-12-26 13:27:23"}
{"error":"jwt expired","level":"error","message":"Error en autenticación:","stack":"TokenExpiredError: jwt expired\n    at /Users/usuario/Desktop/Copia de scouts-gestion/backend/node_modules/jsonwebtoken/verify.js:190:21\n    at getSecret (/Users/usuario/Desktop/Copia de scouts-gestion/backend/node_modules/jsonwebtoken/verify.js:97:14)\n    at module.exports [as verify] (/Users/usuario/Desktop/Copia de scouts-gestion/backend/node_modules/jsonwebtoken/verify.js:101:10)\n    at protect (/Users/usuario/Desktop/Copia de scouts-gestion/backend/src/middleware/auth.js:196:27)\n    at Layer.handle [as handle_request] (/Users/usuario/Desktop/Copia de scouts-gestion/backend/node_modules/express/lib/router/layer.js:95:5)\n    at next (/Users/usuario/Desktop/Copia de scouts-gestion/backend/node_modules/express/lib/router/route.js:149:13)\n    at Route.dispatch (/Users/usuario/Desktop/Copia de scouts-gestion/backend/node_modules/express/lib/router/route.js:119:3)\n    at Layer.handle [as handle_request] (/Users/usuario/Desktop/Copia de scouts-gestion/backend/node_modules/express/lib/router/layer.js:95:5)\n    at /Users/usuario/Desktop/Copia de scouts-gestion/backend/node_modules/express/lib/router/index.js:284:15\n    at router.process_params (/Users/usuario/Desktop/Copia de scouts-gestion/backend/node_modules/express/lib/router/index.js:346:12)","timestamp":"2025-12-26 13:27:39"}
{"level":"info","message":"::1 GET /api/ramas 401 44 - 1.656 ms","timestamp":"2025-12-26 13:27:39"}
{"error":"jwt expired","level":"error","message":"Error en autenticación:","stack":"TokenExpiredError: jwt expired\n    at /Users/usuario/Desktop/Copia de scouts-gestion/backend/node_modules/jsonwebtoken/verify.js:190:21\n    at getSecret (/Users/usuario/Desktop/Copia de scouts-gestion/backend/node_modules/jsonwebtoken/verify.js:97:14)\n    at module.exports [as verify] (/Users/usuario/Desktop/Copia de scouts-gestion/backend/node_modules/jsonwebtoken/verify.js:101:10)\n    at protect (/Users/usuario/Desktop/Copia de scouts-gestion/backend/src/middleware/auth.js:196:27)\n    at Layer.handle [as handle_request] (/Users/usuario/Desktop/Copia de scouts-gestion/backend/node_modules/express/lib/router/layer.js:95:5)\n    at next (/Users/usuario/Desktop/Copia de scouts-gestion/backend/node_modules/express/lib/router/route.js:149:13)\n    at Route.dispatch (/Users/usuario/Desktop/Copia de scouts-gestion/backend/node_modules/express/lib/router/route.js:119:3)\n    at Layer.handle [as handle_request] (/Users/usuario/Desktop/Copia de scouts-gestion/backend/node_modules/express/lib/router/layer.js:95:5)\n    at /Users/usuario/Desktop/Copia de scouts-gestion/backend/node_modules/express/lib/router/index.js:284:15\n    at router.process_params (/Users/usuario/Desktop/Copia de scouts-gestion/backend/node_modules/express/lib/router/index.js:346:12)","timestamp":"2025-12-26 13:27:39"}
{"level":"info","message":"::1 GET /api/personas?page=1&limit=20&includeDeleted=true&search=&rama=&funcion= 401 44 - 0.771 ms","timestamp":"2025-12-26 13:27:39"}
{"error":"jwt expired","level":"error","message":"Error en autenticación:","stack":"TokenExpiredError: jwt expired\n    at /Users/usuario/Desktop/Copia de scouts-gestion/backend/node_modules/jsonwebtoken/verify.js:190:21\n    at getSecret (/Users/usuario/Desktop/Copia de scouts-gestion/backend/node_modules/jsonwebtoken/verify.js:97:14)\n    at module.exports [as verify] (/Users/usuario/Desktop/Copia de scouts-gestion/backend/node_modules/jsonwebtoken/verify.js:101:10)\n    at protect (/Users/usuario/Desktop/Copia de scouts-gestion/backend/src/middleware/auth.js:196:27)\n    at Layer.handle [as handle_request] (/Users/usuario/Desktop/Copia de scouts-gestion/backend/node_modules/express/lib/router/layer.js:95:5)\n    at next (/Users/usuario/Desktop/Copia de scouts-gestion/backend/node_modules/express/lib/router/route.js:149:13)\n    at Route.dispatch (/Users/usuario/Desktop/Copia de scouts-gestion/backend/node_modules/express/lib/router/route.js:119:3)\n    at Layer.handle [as handle_request] (/Users/usuario/Desktop/Copia de scouts-gestion/backend/node_modules/express/lib/router/layer.js:95:5)\n    at /Users/usuario/Desktop/Copia de scouts-gestion/backend/node_modules/express/lib/router/index.js:284:15\n    at router.process_params (/Users/usuario/Desktop/Copia de scouts-gestion/backend/node_modules/express/lib/router/index.js:346:12)","timestamp":"2025-12-26 13:27:39"}
{"level":"info","message":"::1 GET /api/ramas 401 44 - 0.576 ms","timestamp":"2025-12-26 13:27:39"}
{"error":"jwt expired","level":"error","message":"Error en autenticación:","stack":"TokenExpiredError: jwt expired\n    at /Users/usuario/Desktop/Copia de scouts-gestion/backend/node_modules/jsonwebtoken/verify.js:190:21\n    at getSecret (/Users/usuario/Desktop/Copia de scouts-gestion/backend/node_modules/jsonwebtoken/verify.js:97:14)\n    at module.exports [as verify] (/Users/usuario/Desktop/Copia de scouts-gestion/backend/node_modules/jsonwebtoken/verify.js:101:10)\n    at protect (/Users/usuario/Desktop/Copia de scouts-gestion/backend/src/middleware/auth.js:196:27)\n    at Layer.handle [as handle_request] (/Users/usuario/Desktop/Copia de scouts-gestion/backend/node_modules/express/lib/router/layer.js:95:5)\n    at next (/Users/usuario/Desktop/Copia de scouts-gestion/backend/node_modules/express/lib/router/route.js:149:13)\n    at Route.dispatch (/Users/usuario/Desktop/Copia de scouts-gestion/backend/node_modules/express/lib/router/route.js:119:3)\n    at Layer.handle [as handle_request] (/Users/usuario/Desktop/Copia de scouts-gestion/backend/node_modules/express/lib/router/layer.js:95:5)\n    at /Users/usuario/Desktop/Copia de scouts-gestion/backend/node_modules/express/lib/router/index.js:284:15\n    at router.process_params (/Users/usuario/Desktop/Copia de scouts-gestion/backend/node_modules/express/lib/router/index.js:346:12)","timestamp":"2025-12-26 13:27:39"}
{"level":"info","message":"::1 GET /api/personas?page=1&limit=20&includeDeleted=true&search=&rama=&funcion= 401 44 - 1.181 ms","timestamp":"2025-12-26 13:27:39"}
{"ip":"::1","level":"warn","message":"[SECURITY] Intento de login fallido: admin","timestamp":"2025-12-26 13:28:09","username":"admin"}
{"level":"info","message":"::1 POST /api/auth/login 401 37 - 84.716 ms","timestamp":"2025-12-26 13:28:09"}
{"level":"info","message":"[AUTH] Login exitoso: admin","rol":"administrador","timestamp":"2025-12-26 13:28:31","userId":"68f32772c068ba056f816190","username":"admin"}
{"level":"info","message":"::1 POST /api/auth/login 200 1004 - 98.974 ms","timestamp":"2025-12-26 13:28:31"}
{"level":"info","message":"::1 GET /api/personas?limit=500 200 3785 - 17.369 ms","timestamp":"2025-12-26 13:28:31"}
{"level":"info","message":"::1 GET /api/pagos?includeDeleted=true&limit=200 200 3767 - 18.249 ms","timestamp":"2025-12-26 13:28:31"}
{"level":"info","message":"::1 GET /api/personas?limit=500 200 3785 - 5.582 ms","timestamp":"2025-12-26 13:28:31"}
{"level":"info","message":"::1 GET /api/pagos?includeDeleted=true&limit=200 200 3767 - 6.039 ms","timestamp":"2025-12-26 13:28:31"}
{"level":"info","message":"::1 GET /api/personas?limit=500 200 3785 - 4.312 ms","timestamp":"2025-12-26 13:28:31"}
{"level":"info","message":"::1 GET /api/pagos?includeDeleted=true&limit=200 200 3767 - 5.698 ms","timestamp":"2025-12-26 13:28:31"}
{"level":"info","message":"::1 GET /api/personas?limit=500 200 3785 - 7.268 ms","timestamp":"2025-12-26 13:28:31"}
{"level":"info","message":"::1 GET /api/pagos?includeDeleted=true&limit=200 200 3767 - 6.276 ms","timestamp":"2025-12-26 13:28:31"}
{"level":"info","message":"::1 GET /api/pagos?includeDeleted=true&limit=200 200 3767 - 5.953 ms","timestamp":"2025-12-26 13:28:31"}
{"level":"info","message":"::1 GET /api/pagos?includeDeleted=true&limit=200 200 3767 - 5.784 ms","timestamp":"2025-12-26 13:28:31"}
{"level":"info","message":"::1 GET /api/ramas 200 915 - 7.725 ms","timestamp":"2025-12-26 13:28:46"}
{"level":"info","message":"::1 GET /api/personas?page=1&limit=20&includeDeleted=true&search=&rama=&funcion= 200 3787 - 11.378 ms","timestamp":"2025-12-26 13:28:46"}
{"level":"info","message":"::1 GET /api/ramas 200 915 - 7.762 ms","timestamp":"2025-12-26 13:28:46"}
{"level":"info","message":"::1 GET /api/personas?page=1&limit=20&includeDeleted=true&search=&rama=&funcion= 200 3787 - 19.626 ms","timestamp":"2025-12-26 13:28:46"}
{"level":"info","message":"::1 GET /api/pagos?page=1&limit=20&includeDeleted=true 200 3767 - 10.498 ms","timestamp":"2025-12-26 13:28:55"}
{"level":"info","message":"::1 GET /api/pagos?page=1&limit=20&includeDeleted=true 200 3767 - 10.503 ms","timestamp":"2025-12-26 13:28:55"}
{"level":"info","message":"::1 GET /api/pagos?page=1&limit=20&includeDeleted=true&metodoPago=tarjeta_debito 200 823 - 14.914 ms","timestamp":"2025-12-26 13:29:01"}
{"level":"info","message":"::1 GET /api/pagos?page=1&limit=20&includeDeleted=true&metodoPago=efectivo 200 2996 - 15.314 ms","timestamp":"2025-12-26 13:29:03"}
{"level":"info","message":"::1 GET /api/pagos?page=1&limit=20&includeDeleted=true 200 3767 - 14.607 ms","timestamp":"2025-12-26 13:29:06"}
{"level":"info","message":"::1 GET /api/roles 200 1200 - 9.693 ms","timestamp":"2025-12-26 13:29:09"}
{"level":"info","message":"::1 GET /api/usuarios?page=1&limit=20&includeDeleted=true&search=&rol= 200 3600 - 15.450 ms","timestamp":"2025-12-26 13:29:09"}
{"level":"info","message":"::1 GET /api/roles 200 1200 - 7.644 ms","timestamp":"2025-12-26 13:29:09"}
{"level":"info","message":"::1 GET /api/usuarios?page=1&limit=20&includeDeleted=true&search=&rol= 200 3600 - 6.830 ms","timestamp":"2025-12-26 13:29:09"}
{"level":"info","message":"::1 GET /api/usuarios?page=1&limit=20&includeDeleted=true&search=&rol=68f32772c068ba056f816182 200 800 - 8.854 ms","timestamp":"2025-12-26 13:29:13"}
{"level":"info","message":"::1 GET /api/usuarios?page=1&limit=20&includeDeleted=true&search=&rol=68f32772c068ba056f816183 200 1486 - 16.093 ms","timestamp":"2025-12-26 13:29:15"}
{"level":"info","message":"::1 GET /api/usuarios?page=1&limit=20&includeDeleted=true&search=&rol=68f32772c068ba056f816184 200 724 - 4.875 ms","timestamp":"2025-12-26 13:29:17"}
{"level":"info","message":"::1 GET /api/usuarios?page=1&limit=20&includeDeleted=true&search=&rol=68f32772c068ba056f816181 200 755 - 10.339 ms","timestamp":"2025-12-26 13:29:19"}
{"level":"info","message":"::1 GET /api/usuarios?page=1&limit=20&includeDeleted=true&search=&rol= 200 3600 - 12.509 ms","timestamp":"2025-12-26 13:29:21"}
